<?xml version="1.0" encoding="UTF-8"?>
<!-- Generated by org.testng.reporters.JUnitReportReporter -->
<testsuite skipped="0" hostname="LAPTOP-DUI2CR0P" name="com.tyss.acttime.scripts.CreateRequisition" tests="3" failures="0" timestamp="06 Oct 2020 11:06:26 GMT" time="84.190" errors="0">
  <testcase name="createRequisition" time="29.012" classname="com.tyss.acttime.scripts.CreateRequisition"/>
  <testcase name="createRequisition" time="26.637" classname="com.tyss.acttime.scripts.CreateRequisition"/>
  <testcase name="createRequisition" time="28.541" classname="com.tyss.acttime.scripts.CreateRequisition"/>
</testsuite> <!-- com.tyss.acttime.scripts.CreateRequisition -->
