<?xml version="1.0" encoding="UTF-8"?>
<!-- Generated by org.testng.reporters.JUnitReportReporter -->
<testsuite skipped="0" hostname="DESKTOP-T0NFKJO" name="com.tyss.acttime.scripts.OneWayBookTask" tests="1" failures="0" timestamp="17 Oct 2020 13:08:41 GMT" time="16.176" errors="0">
  <testcase name="createOneWay" time="16.176" classname="com.tyss.acttime.scripts.OneWayBookTask"/>
</testsuite> <!-- com.tyss.acttime.scripts.OneWayBookTask -->
