<?xml version="1.0" encoding="UTF-8"?>
<!-- Generated by org.testng.reporters.JUnitReportReporter -->
<testsuite skipped="0" hostname="LAPTOP-DUI2CR0P" name="test.smartrecruit.createrequisition.CreateRequisition" tests="3" failures="0" timestamp="20 Sep 2020 09:14:57 GMT" time="42.220" errors="0">
  <testcase name="createRequisition" time="5.848" classname="test.smartrecruit.createrequisition.CreateRequisition"/>
  <testcase name="createRequisition" time="6.396" classname="test.smartrecruit.createrequisition.CreateRequisition"/>
  <testcase name="createRequisition" time="29.976" classname="test.smartrecruit.createrequisition.CreateRequisition"/>
</testsuite> <!-- test.smartrecruit.createrequisition.CreateRequisition -->
