<?xml version="1.0" encoding="UTF-8"?>
<!-- Generated by org.testng.reporters.JUnitReportReporter -->
<testsuite skipped="0" hostname="LAPTOP-DUI2CR0P" name="test.demo.Sample" tests="1" failures="0" timestamp="09 Sep 2020 14:48:02 GMT" time="20.086" errors="0">
  <testcase name="GoogleLogin" time="20.086" classname="test.demo.Sample"/>
</testsuite> <!-- test.demo.Sample -->
