<?xml version="1.0" encoding="UTF-8"?>
<!-- Generated by org.testng.reporters.JUnitReportReporter -->
<testsuite skipped="0" hostname="DESKTOP-T0NFKJO" name="com.tyss.acttime.scripts.MulticityTrip" tests="1" failures="0" timestamp="17 Oct 2020 13:08:41 GMT" time="14.371" errors="0">
  <testcase name="createMulticityTrip" time="14.371" classname="com.tyss.acttime.scripts.MulticityTrip"/>
</testsuite> <!-- com.tyss.acttime.scripts.MulticityTrip -->
