<?xml version="1.0" encoding="UTF-8"?>
<!-- Generated by org.testng.reporters.JUnitReportReporter -->
<testsuite skipped="0" hostname="LAPTOP-DUI2CR0P" name="com.tyss.acttime.scripts.CreateRequisition" tests="3" failures="0" timestamp="01 Oct 2020 11:24:54 GMT" time="41.666" errors="0">
  <testcase name="createRequisition" time="13.558" classname="com.tyss.acttime.scripts.CreateRequisition"/>
  <testcase name="createRequisition" time="17.102" classname="com.tyss.acttime.scripts.CreateRequisition"/>
  <testcase name="createRequisition" time="11.006" classname="com.tyss.acttime.scripts.CreateRequisition"/>
</testsuite> <!-- com.tyss.acttime.scripts.CreateRequisition -->
