<?xml version="1.0" encoding="UTF-8"?>
<!-- Generated by org.testng.reporters.JUnitReportReporter -->
<testsuite skipped="0" hostname="LAPTOP-DUI2CR0P" name="com.tyss.acttime.scripts.CreateRequisition" tests="3" failures="0" timestamp="07 Oct 2020 06:07:53 GMT" time="91.782" errors="0">
  <testcase name="createRequisition" time="28.576" classname="com.tyss.acttime.scripts.CreateRequisition"/>
  <testcase name="createRequisition" time="34.224" classname="com.tyss.acttime.scripts.CreateRequisition"/>
  <testcase name="createRequisition" time="28.982" classname="com.tyss.acttime.scripts.CreateRequisition"/>
</testsuite> <!-- com.tyss.acttime.scripts.CreateRequisition -->
